<?xml version="1.0" encoding="UTF-8"?>
<testsuite xmlns:xsi="http://www.w3.org/2001/XMLSchema-instance" xsi:noNamespaceSchemaLocation="https://maven.apache.org/surefire/maven-surefire-plugin/xsd/surefire-test-report.xsd" version="3.0.2" name="com.n11.odev2.Odev2ApplicationTests" time="1.334" tests="1" errors="0" skipped="0" failures="0" flakes="0">
  <properties>
[...]
</properties>
  <testcase name="contextLoads" classname="com.n11.odev2.Odev2ApplicationTests" time="0.341">
    <system-out><![CDATA[22:01:23.997 [main] INFO org.springframework.test.context.support.AnnotationConfigContextLoaderUtils -- Could not detect default configuration classes for test class [com.n11.odev2.Odev2ApplicationTests]: Odev2ApplicationTests does not declare any static, non-private, non-final, nested classes annotated with @Configuration.
22:01:24.046 [main] INFO org.springframework.boot.test.context.SpringBootTestContextBootstrapper -- Found @SpringBootConfiguration com.n11.odev2.Odev2Application for test class com.n11.odev2.Odev2ApplicationTests
22:01:24.084 [main] INFO org.springframework.test.context.support.AnnotationConfigContextLoaderUtils -- Could not detect default configuration classes for test class [com.n11.odev2.Odev2ApplicationTests]: Odev2ApplicationTests does not declare any static, non-private, non-final, nested classes annotated with @Configuration.
22:01:24.085 [main] INFO org.springframework.boot.test.context.SpringBootTestContextBootstrapper -- Found @SpringBootConfiguration com.n11.odev2.Odev2Application for test class com.n11.odev2.Odev2ApplicationTests

  .   ____          _            __ _ _
 /\\ / ___'_ __ _ _(_)_ __  __ _ \ \ \ \
( ( )\___ | '_ | '_| | '_ \/ _` | \ \ \ \
 \\/  ___)| |_)| | | | | || (_| |  ) ) ) )
  '  |____| .__|_| |_|_| |_\__, | / / / /
 =========|_|==============|___/=/_/_/_/

 :: Spring Boot ::                (v4.0.5)

2026-04-22T22:01:24.211+03:00  INFO 2621 --- [odev2] [           main] com.n11.odev2.Odev2ApplicationTests      : Starting Odev2ApplicationTests using Java 20.0.2 with PID 2621 (started by kazimahmetuzun in /Users/kazimahmetuzun/Applications/odev2)
2026-04-22T22:01:24.212+03:00  INFO 2621 --- [odev2] [           main] com.n11.odev2.Odev2ApplicationTests      : No active profile set, falling back to 1 default profile: "default"
2026-04-22T22:01:24.641+03:00  INFO 2621 --- [odev2] [           main] r$InitializeUserDetailsManagerConfigurer : Global AuthenticationManager configured with UserDetailsService bean with name userDetailsService
2026-04-22T22:01:24.909+03:00  INFO 2621 --- [odev2] [           main] com.n11.odev2.Odev2ApplicationTests      : Started Odev2ApplicationTests in 0.796 seconds (process running for 1.245)
]]></system-out>
  </testcase>
</testsuite>